2023-02-05 10:06:13,440 - mmcls - INFO - Environment info:
------------------------------------------------------------
sys.platform: linux
Python: 3.8.16 (default, Jan 17 2023, 23:13:24) [GCC 11.2.0]
CUDA available: True
GPU 0: NVIDIA GeForce RTX 3090
CUDA_HOME: /data/apps/cuda/11.1
NVCC: Cuda compilation tools, release 11.1, V11.1.74
GCC: gcc (GCC) 7.3.0
PyTorch: 1.10.0+cu111
PyTorch compiling details: PyTorch built with:
  - GCC 7.3
  - C++ Version: 201402
  - Intel(R) Math Kernel Library Version 2020.0.0 Product Build 20191122 for Intel(R) 64 architecture applications
  - Intel(R) MKL-DNN v2.2.3 (Git Hash 7336ca9f055cf1bfa13efb658fe15dc9b41f0740)
  - OpenMP 201511 (a.k.a. OpenMP 4.5)
  - LAPACK is enabled (usually provided by MKL)
  - NNPACK is enabled
  - CPU capability usage: AVX2
  - CUDA Runtime 11.1
  - NVCC architecture flags: -gencode;arch=compute_37,code=sm_37;-gencode;arch=compute_50,code=sm_50;-gencode;arch=compute_60,code=sm_60;-gencode;arch=compute_70,code=sm_70;-gencode;arch=compute_75,code=sm_75;-gencode;arch=compute_80,code=sm_80;-gencode;arch=compute_86,code=sm_86
  - CuDNN 8.0.5
  - Magma 2.5.2
  - Build settings: BLAS_INFO=mkl, BUILD_TYPE=Release, CUDA_VERSION=11.1, CUDNN_VERSION=8.0.5, CXX_COMPILER=/opt/rh/devtoolset-7/root/usr/bin/c++, CXX_FLAGS= -Wno-deprecated -fvisibility-inlines-hidden -DUSE_PTHREADPOOL -fopenmp -DNDEBUG -DUSE_KINETO -DUSE_FBGEMM -DUSE_QNNPACK -DUSE_PYTORCH_QNNPACK -DUSE_XNNPACK -DSYMBOLICATE_MOBILE_DEBUG_HANDLE -DEDGE_PROFILER_USE_KINETO -O2 -fPIC -Wno-narrowing -Wall -Wextra -Werror=return-type -Wno-missing-field-initializers -Wno-type-limits -Wno-array-bounds -Wno-unknown-pragmas -Wno-sign-compare -Wno-unused-parameter -Wno-unused-variable -Wno-unused-function -Wno-unused-result -Wno-unused-local-typedefs -Wno-strict-overflow -Wno-strict-aliasing -Wno-error=deprecated-declarations -Wno-stringop-overflow -Wno-psabi -Wno-error=pedantic -Wno-error=redundant-decls -Wno-error=old-style-cast -fdiagnostics-color=always -faligned-new -Wno-unused-but-set-variable -Wno-maybe-uninitialized -fno-math-errno -fno-trapping-math -Werror=format -Wno-stringop-overflow, LAPACK_INFO=mkl, PERF_WITH_AVX=1, PERF_WITH_AVX2=1, PERF_WITH_AVX512=1, TORCH_VERSION=1.10.0, USE_CUDA=ON, USE_CUDNN=ON, USE_EXCEPTION_PTR=1, USE_GFLAGS=OFF, USE_GLOG=OFF, USE_MKL=ON, USE_MKLDNN=ON, USE_MPI=OFF, USE_NCCL=ON, USE_NNPACK=ON, USE_OPENMP=ON, 

TorchVision: 0.11.0+cu111
OpenCV: 4.7.0
MMCV: 1.7.0
MMCV Compiler: GCC 7.3
MMCV CUDA Compiler: 11.1
MMClassification: 0.25.0+
------------------------------------------------------------

2023-02-05 10:06:13,442 - mmcls - INFO - Distributed training: False
2023-02-05 10:06:13,539 - mmcls - INFO - Config:
model = dict(
    type='ImageClassifier',
    backbone=dict(
        type='ResNet',
        depth=18,
        num_stages=4,
        out_indices=(3, ),
        style='pytorch'),
    neck=dict(type='GlobalAveragePooling'),
    head=dict(
        type='LinearClsHead',
        num_classes=5,
        in_channels=512,
        loss=dict(type='CrossEntropyLoss', loss_weight=1.0),
        topk=(1, )))
dataset_type = 'ImageNet'
img_norm_cfg = dict(
    mean=[123.675, 116.28, 103.53], std=[58.395, 57.12, 57.375], to_rgb=True)
train_pipeline = [
    dict(type='LoadImageFromFile'),
    dict(type='RandomResizedCrop', size=224),
    dict(type='RandomFlip', flip_prob=0.5, direction='horizontal'),
    dict(
        type='Normalize',
        mean=[123.675, 116.28, 103.53],
        std=[58.395, 57.12, 57.375],
        to_rgb=True),
    dict(type='ImageToTensor', keys=['img']),
    dict(type='ToTensor', keys=['gt_label']),
    dict(type='Collect', keys=['img', 'gt_label'])
]
test_pipeline = [
    dict(type='LoadImageFromFile'),
    dict(type='Resize', size=(256, -1)),
    dict(type='CenterCrop', crop_size=224),
    dict(
        type='Normalize',
        mean=[123.675, 116.28, 103.53],
        std=[58.395, 57.12, 57.375],
        to_rgb=True),
    dict(type='ImageToTensor', keys=['img']),
    dict(type='Collect', keys=['img'])
]
data = dict(
    samples_per_gpu=32,
    workers_per_gpu=2,
    train=dict(
        type='ImageNet',
        data_prefix='data/flower_dataset/train',
        pipeline=[
            dict(type='LoadImageFromFile'),
            dict(type='RandomResizedCrop', size=224),
            dict(type='RandomFlip', flip_prob=0.5, direction='horizontal'),
            dict(
                type='Normalize',
                mean=[123.675, 116.28, 103.53],
                std=[58.395, 57.12, 57.375],
                to_rgb=True),
            dict(type='ImageToTensor', keys=['img']),
            dict(type='ToTensor', keys=['gt_label']),
            dict(type='Collect', keys=['img', 'gt_label'])
        ],
        ann_file='data/flower_dataset/train.txt',
        classes='data/flower_dataset/classes.txt'),
    val=dict(
        type='ImageNet',
        data_prefix='data/flower_dataset/val',
        ann_file='data/flower_dataset/val.txt',
        pipeline=[
            dict(type='LoadImageFromFile'),
            dict(type='Resize', size=(256, -1)),
            dict(type='CenterCrop', crop_size=224),
            dict(
                type='Normalize',
                mean=[123.675, 116.28, 103.53],
                std=[58.395, 57.12, 57.375],
                to_rgb=True),
            dict(type='ImageToTensor', keys=['img']),
            dict(type='Collect', keys=['img'])
        ],
        classes='data/flower_dataset/classes.txt'),
    test=dict(
        type='ImageNet',
        data_prefix='data/imagenet/val',
        ann_file='data/imagenet/meta/val.txt',
        pipeline=[
            dict(type='LoadImageFromFile'),
            dict(type='Resize', size=(256, -1)),
            dict(type='CenterCrop', crop_size=224),
            dict(
                type='Normalize',
                mean=[123.675, 116.28, 103.53],
                std=[58.395, 57.12, 57.375],
                to_rgb=True),
            dict(type='ImageToTensor', keys=['img']),
            dict(type='Collect', keys=['img'])
        ]))
evaluation = dict(
    interval=1, metric='accuracy', metric_options=dict(topk=(1, )))
checkpoint_config = dict(interval=1)
log_config = dict(interval=100, hooks=[dict(type='TextLoggerHook')])
dist_params = dict(backend='nccl')
log_level = 'INFO'
load_from = '/data/run01/scz0aqp/mmclassification/checkpoints/resnet18_batch256_imagenet_20200708-34ab8f90.pth'
resume_from = None
workflow = [('train', 1)]
optimizer = dict(type='SGD', lr=0.001, momentum=0.9, weight_decay=0.0001)
optimizer_config = dict(grad_clip=None)
lr_config = dict(policy='step', step=[1])
runner = dict(type='EpochBasedRunner', max_epochs=100)
work_dir = 'work/resnet18_b16_flower'
gpu_ids = [0]

2023-02-05 10:06:13,541 - mmcls - INFO - Set random seed to 1059112681, deterministic: False
2023-02-05 10:06:13,614 - mmcls - INFO - initialize ResNet with init_cfg [{'type': 'Kaiming', 'layer': ['Conv2d']}, {'type': 'Constant', 'val': 1, 'layer': ['_BatchNorm', 'GroupNorm']}]
2023-02-05 10:06:13,707 - mmcls - INFO - initialize LinearClsHead with init_cfg {'type': 'Normal', 'layer': 'Linear', 'std': 0.01}
Name of parameter - Initialization information

backbone.conv1.weight - torch.Size([64, 3, 7, 7]): 
KaimingInit: a=0, mode=fan_out, nonlinearity=relu, distribution =normal, bias=0 

backbone.bn1.weight - torch.Size([64]): 
The value is the same before and after calling `init_weights` of ImageClassifier  

backbone.bn1.bias - torch.Size([64]): 
The value is the same before and after calling `init_weights` of ImageClassifier  

backbone.layer1.0.conv1.weight - torch.Size([64, 64, 3, 3]): 
KaimingInit: a=0, mode=fan_out, nonlinearity=relu, distribution =normal, bias=0 

backbone.layer1.0.bn1.weight - torch.Size([64]): 
The value is the same before and after calling `init_weights` of ImageClassifier  

backbone.layer1.0.bn1.bias - torch.Size([64]): 
The value is the same before and after calling `init_weights` of ImageClassifier  

backbone.layer1.0.conv2.weight - torch.Size([64, 64, 3, 3]): 
KaimingInit: a=0, mode=fan_out, nonlinearity=relu, distribution =normal, bias=0 

backbone.layer1.0.bn2.weight - torch.Size([64]): 
Initialized by user-defined `init_weights` in ResNet  

backbone.layer1.0.bn2.bias - torch.Size([64]): 
The value is the same before and after calling `init_weights` of ImageClassifier  

backbone.layer1.1.conv1.weight - torch.Size([64, 64, 3, 3]): 
KaimingInit: a=0, mode=fan_out, nonlinearity=relu, distribution =normal, bias=0 

backbone.layer1.1.bn1.weight - torch.Size([64]): 
The value is the same before and after calling `init_weights` of ImageClassifier  

backbone.layer1.1.bn1.bias - torch.Size([64]): 
The value is the same before and after calling `init_weights` of ImageClassifier  

backbone.layer1.1.conv2.weight - torch.Size([64, 64, 3, 3]): 
KaimingInit: a=0, mode=fan_out, nonlinearity=relu, distribution =normal, bias=0 

backbone.layer1.1.bn2.weight - torch.Size([64]): 
Initialized by user-defined `init_weights` in ResNet  

backbone.layer1.1.bn2.bias - torch.Size([64]): 
The value is the same before and after calling `init_weights` of ImageClassifier  

backbone.layer2.0.conv1.weight - torch.Size([128, 64, 3, 3]): 
KaimingInit: a=0, mode=fan_out, nonlinearity=relu, distribution =normal, bias=0 

backbone.layer2.0.bn1.weight - torch.Size([128]): 
The value is the same before and after calling `init_weights` of ImageClassifier  

backbone.layer2.0.bn1.bias - torch.Size([128]): 
The value is the same before and after calling `init_weights` of ImageClassifier  

backbone.layer2.0.conv2.weight - torch.Size([128, 128, 3, 3]): 
KaimingInit: a=0, mode=fan_out, nonlinearity=relu, distribution =normal, bias=0 

backbone.layer2.0.bn2.weight - torch.Size([128]): 
Initialized by user-defined `init_weights` in ResNet  

backbone.layer2.0.bn2.bias - torch.Size([128]): 
The value is the same before and after calling `init_weights` of ImageClassifier  

backbone.layer2.0.downsample.0.weight - torch.Size([128, 64, 1, 1]): 
KaimingInit: a=0, mode=fan_out, nonlinearity=relu, distribution =normal, bias=0 

backbone.layer2.0.downsample.1.weight - torch.Size([128]): 
The value is the same before and after calling `init_weights` of ImageClassifier  

backbone.layer2.0.downsample.1.bias - torch.Size([128]): 
The value is the same before and after calling `init_weights` of ImageClassifier  

backbone.layer2.1.conv1.weight - torch.Size([128, 128, 3, 3]): 
KaimingInit: a=0, mode=fan_out, nonlinearity=relu, distribution =normal, bias=0 

backbone.layer2.1.bn1.weight - torch.Size([128]): 
The value is the same before and after calling `init_weights` of ImageClassifier  

backbone.layer2.1.bn1.bias - torch.Size([128]): 
The value is the same before and after calling `init_weights` of ImageClassifier  

backbone.layer2.1.conv2.weight - torch.Size([128, 128, 3, 3]): 
KaimingInit: a=0, mode=fan_out, nonlinearity=relu, distribution =normal, bias=0 

backbone.layer2.1.bn2.weight - torch.Size([128]): 
Initialized by user-defined `init_weights` in ResNet  

backbone.layer2.1.bn2.bias - torch.Size([128]): 
The value is the same before and after calling `init_weights` of ImageClassifier  

backbone.layer3.0.conv1.weight - torch.Size([256, 128, 3, 3]): 
KaimingInit: a=0, mode=fan_out, nonlinearity=relu, distribution =normal, bias=0 

backbone.layer3.0.bn1.weight - torch.Size([256]): 
The value is the same before and after calling `init_weights` of ImageClassifier  

backbone.layer3.0.bn1.bias - torch.Size([256]): 
The value is the same before and after calling `init_weights` of ImageClassifier  

backbone.layer3.0.conv2.weight - torch.Size([256, 256, 3, 3]): 
KaimingInit: a=0, mode=fan_out, nonlinearity=relu, distribution =normal, bias=0 

backbone.layer3.0.bn2.weight - torch.Size([256]): 
Initialized by user-defined `init_weights` in ResNet  

backbone.layer3.0.bn2.bias - torch.Size([256]): 
The value is the same before and after calling `init_weights` of ImageClassifier  

backbone.layer3.0.downsample.0.weight - torch.Size([256, 128, 1, 1]): 
KaimingInit: a=0, mode=fan_out, nonlinearity=relu, distribution =normal, bias=0 

backbone.layer3.0.downsample.1.weight - torch.Size([256]): 
The value is the same before and after calling `init_weights` of ImageClassifier  

backbone.layer3.0.downsample.1.bias - torch.Size([256]): 
The value is the same before and after calling `init_weights` of ImageClassifier  

backbone.layer3.1.conv1.weight - torch.Size([256, 256, 3, 3]): 
KaimingInit: a=0, mode=fan_out, nonlinearity=relu, distribution =normal, bias=0 

backbone.layer3.1.bn1.weight - torch.Size([256]): 
The value is the same before and after calling `init_weights` of ImageClassifier  

backbone.layer3.1.bn1.bias - torch.Size([256]): 
The value is the same before and after calling `init_weights` of ImageClassifier  

backbone.layer3.1.conv2.weight - torch.Size([256, 256, 3, 3]): 
KaimingInit: a=0, mode=fan_out, nonlinearity=relu, distribution =normal, bias=0 

backbone.layer3.1.bn2.weight - torch.Size([256]): 
Initialized by user-defined `init_weights` in ResNet  

backbone.layer3.1.bn2.bias - torch.Size([256]): 
The value is the same before and after calling `init_weights` of ImageClassifier  

backbone.layer4.0.conv1.weight - torch.Size([512, 256, 3, 3]): 
KaimingInit: a=0, mode=fan_out, nonlinearity=relu, distribution =normal, bias=0 

backbone.layer4.0.bn1.weight - torch.Size([512]): 
The value is the same before and after calling `init_weights` of ImageClassifier  

backbone.layer4.0.bn1.bias - torch.Size([512]): 
The value is the same before and after calling `init_weights` of ImageClassifier  

backbone.layer4.0.conv2.weight - torch.Size([512, 512, 3, 3]): 
KaimingInit: a=0, mode=fan_out, nonlinearity=relu, distribution =normal, bias=0 

backbone.layer4.0.bn2.weight - torch.Size([512]): 
Initialized by user-defined `init_weights` in ResNet  

backbone.layer4.0.bn2.bias - torch.Size([512]): 
The value is the same before and after calling `init_weights` of ImageClassifier  

backbone.layer4.0.downsample.0.weight - torch.Size([512, 256, 1, 1]): 
KaimingInit: a=0, mode=fan_out, nonlinearity=relu, distribution =normal, bias=0 

backbone.layer4.0.downsample.1.weight - torch.Size([512]): 
The value is the same before and after calling `init_weights` of ImageClassifier  

backbone.layer4.0.downsample.1.bias - torch.Size([512]): 
The value is the same before and after calling `init_weights` of ImageClassifier  

backbone.layer4.1.conv1.weight - torch.Size([512, 512, 3, 3]): 
KaimingInit: a=0, mode=fan_out, nonlinearity=relu, distribution =normal, bias=0 

backbone.layer4.1.bn1.weight - torch.Size([512]): 
The value is the same before and after calling `init_weights` of ImageClassifier  

backbone.layer4.1.bn1.bias - torch.Size([512]): 
The value is the same before and after calling `init_weights` of ImageClassifier  

backbone.layer4.1.conv2.weight - torch.Size([512, 512, 3, 3]): 
KaimingInit: a=0, mode=fan_out, nonlinearity=relu, distribution =normal, bias=0 

backbone.layer4.1.bn2.weight - torch.Size([512]): 
Initialized by user-defined `init_weights` in ResNet  

backbone.layer4.1.bn2.bias - torch.Size([512]): 
The value is the same before and after calling `init_weights` of ImageClassifier  

head.fc.weight - torch.Size([5, 512]): 
NormalInit: mean=0, std=0.01, bias=0 

head.fc.bias - torch.Size([5]): 
NormalInit: mean=0, std=0.01, bias=0 
2023-02-05 10:06:42,502 - mmcls - INFO - load checkpoint from local path: /data/run01/scz0aqp/mmclassification/checkpoints/resnet18_batch256_imagenet_20200708-34ab8f90.pth
2023-02-05 10:06:42,597 - mmcls - WARNING - The model and loaded state dict do not match exactly

size mismatch for head.fc.weight: copying a param with shape torch.Size([1000, 512]) from checkpoint, the shape in current model is torch.Size([5, 512]).
size mismatch for head.fc.bias: copying a param with shape torch.Size([1000]) from checkpoint, the shape in current model is torch.Size([5]).
2023-02-05 10:06:42,598 - mmcls - INFO - Start running, host: scz0aqp@g0073, work_dir: /data/run01/scz0aqp/mmclassification/work/resnet18_b16_flower
2023-02-05 10:06:42,598 - mmcls - INFO - Hooks will be executed in the following order:
before_run:
(VERY_HIGH   ) StepLrUpdaterHook                  
(NORMAL      ) CheckpointHook                     
(LOW         ) EvalHook                           
(VERY_LOW    ) TextLoggerHook                     
 -------------------- 
before_train_epoch:
(VERY_HIGH   ) StepLrUpdaterHook                  
(LOW         ) IterTimerHook                      
(LOW         ) EvalHook                           
(VERY_LOW    ) TextLoggerHook                     
 -------------------- 
before_train_iter:
(VERY_HIGH   ) StepLrUpdaterHook                  
(LOW         ) IterTimerHook                      
(LOW         ) EvalHook                           
 -------------------- 
after_train_iter:
(ABOVE_NORMAL) OptimizerHook                      
(NORMAL      ) CheckpointHook                     
(LOW         ) IterTimerHook                      
(LOW         ) EvalHook                           
(VERY_LOW    ) TextLoggerHook                     
 -------------------- 
after_train_epoch:
(NORMAL      ) CheckpointHook                     
(LOW         ) EvalHook                           
(VERY_LOW    ) TextLoggerHook                     
 -------------------- 
before_val_epoch:
(LOW         ) IterTimerHook                      
(VERY_LOW    ) TextLoggerHook                     
 -------------------- 
before_val_iter:
(LOW         ) IterTimerHook                      
 -------------------- 
after_val_iter:
(LOW         ) IterTimerHook                      
 -------------------- 
after_val_epoch:
(VERY_LOW    ) TextLoggerHook                     
 -------------------- 
after_run:
(VERY_LOW    ) TextLoggerHook                     
 -------------------- 
2023-02-05 10:06:42,598 - mmcls - INFO - workflow: [('train', 1)], max: 100 epochs
2023-02-05 10:06:42,598 - mmcls - INFO - Checkpoints will be saved to /data/run01/scz0aqp/mmclassification/work/resnet18_b16_flower by HardDiskBackend.
2023-02-05 10:06:51,571 - mmcls - INFO - Saving checkpoint at 1 epochs
2023-02-05 10:06:53,274 - mmcls - INFO - Epoch(val) [1][18]	accuracy_top-1: 91.9580
2023-02-05 10:06:58,716 - mmcls - INFO - Saving checkpoint at 2 epochs
2023-02-05 10:07:00,176 - mmcls - INFO - Epoch(val) [2][18]	accuracy_top-1: 92.4825
2023-02-05 10:07:05,564 - mmcls - INFO - Saving checkpoint at 3 epochs
2023-02-05 10:07:06,524 - mmcls - INFO - Epoch(val) [3][18]	accuracy_top-1: 92.6573
2023-02-05 10:07:11,925 - mmcls - INFO - Saving checkpoint at 4 epochs
2023-02-05 10:07:12,877 - mmcls - INFO - Epoch(val) [4][18]	accuracy_top-1: 92.1329
2023-02-05 10:07:18,291 - mmcls - INFO - Saving checkpoint at 5 epochs
2023-02-05 10:07:19,255 - mmcls - INFO - Epoch(val) [5][18]	accuracy_top-1: 93.0070
2023-02-05 10:07:24,665 - mmcls - INFO - Saving checkpoint at 6 epochs
2023-02-05 10:07:25,614 - mmcls - INFO - Epoch(val) [6][18]	accuracy_top-1: 92.8322
2023-02-05 10:07:31,048 - mmcls - INFO - Saving checkpoint at 7 epochs
2023-02-05 10:07:32,035 - mmcls - INFO - Epoch(val) [7][18]	accuracy_top-1: 92.6573
2023-02-05 10:07:37,431 - mmcls - INFO - Saving checkpoint at 8 epochs
2023-02-05 10:07:38,396 - mmcls - INFO - Epoch(val) [8][18]	accuracy_top-1: 93.3566
2023-02-05 10:07:43,819 - mmcls - INFO - Saving checkpoint at 9 epochs
2023-02-05 10:07:44,766 - mmcls - INFO - Epoch(val) [9][18]	accuracy_top-1: 92.8322
2023-02-05 10:07:50,202 - mmcls - INFO - Saving checkpoint at 10 epochs
2023-02-05 10:07:51,149 - mmcls - INFO - Epoch(val) [10][18]	accuracy_top-1: 93.5315
2023-02-05 10:07:56,590 - mmcls - INFO - Saving checkpoint at 11 epochs
2023-02-05 10:07:57,547 - mmcls - INFO - Epoch(val) [11][18]	accuracy_top-1: 92.8322
2023-02-05 10:08:03,017 - mmcls - INFO - Saving checkpoint at 12 epochs
2023-02-05 10:08:03,964 - mmcls - INFO - Epoch(val) [12][18]	accuracy_top-1: 93.0070
2023-02-05 10:08:09,406 - mmcls - INFO - Saving checkpoint at 13 epochs
2023-02-05 10:08:10,362 - mmcls - INFO - Epoch(val) [13][18]	accuracy_top-1: 93.0070
2023-02-05 10:08:15,825 - mmcls - INFO - Saving checkpoint at 14 epochs
2023-02-05 10:08:16,766 - mmcls - INFO - Epoch(val) [14][18]	accuracy_top-1: 93.5315
2023-02-05 10:08:22,184 - mmcls - INFO - Saving checkpoint at 15 epochs
2023-02-05 10:08:23,120 - mmcls - INFO - Epoch(val) [15][18]	accuracy_top-1: 93.1818
2023-02-05 10:08:28,609 - mmcls - INFO - Saving checkpoint at 16 epochs
2023-02-05 10:08:29,572 - mmcls - INFO - Epoch(val) [16][18]	accuracy_top-1: 94.0559
2023-02-05 10:08:35,008 - mmcls - INFO - Saving checkpoint at 17 epochs
2023-02-05 10:08:35,964 - mmcls - INFO - Epoch(val) [17][18]	accuracy_top-1: 94.0559
2023-02-05 10:08:41,392 - mmcls - INFO - Saving checkpoint at 18 epochs
2023-02-05 10:08:42,349 - mmcls - INFO - Epoch(val) [18][18]	accuracy_top-1: 94.4056
2023-02-05 10:08:47,765 - mmcls - INFO - Saving checkpoint at 19 epochs
2023-02-05 10:08:48,713 - mmcls - INFO - Epoch(val) [19][18]	accuracy_top-1: 93.5315
2023-02-05 10:08:54,105 - mmcls - INFO - Saving checkpoint at 20 epochs
2023-02-05 10:08:55,058 - mmcls - INFO - Epoch(val) [20][18]	accuracy_top-1: 94.4056
2023-02-05 10:09:00,542 - mmcls - INFO - Saving checkpoint at 21 epochs
2023-02-05 10:09:01,504 - mmcls - INFO - Epoch(val) [21][18]	accuracy_top-1: 93.7063
2023-02-05 10:09:06,967 - mmcls - INFO - Saving checkpoint at 22 epochs
2023-02-05 10:09:07,926 - mmcls - INFO - Epoch(val) [22][18]	accuracy_top-1: 94.0559
2023-02-05 10:09:13,364 - mmcls - INFO - Saving checkpoint at 23 epochs
2023-02-05 10:09:14,317 - mmcls - INFO - Epoch(val) [23][18]	accuracy_top-1: 93.8811
2023-02-05 10:09:19,722 - mmcls - INFO - Saving checkpoint at 24 epochs
2023-02-05 10:09:20,683 - mmcls - INFO - Epoch(val) [24][18]	accuracy_top-1: 94.0559
2023-02-05 10:09:26,094 - mmcls - INFO - Saving checkpoint at 25 epochs
2023-02-05 10:09:27,068 - mmcls - INFO - Epoch(val) [25][18]	accuracy_top-1: 94.5804
2023-02-05 10:09:32,481 - mmcls - INFO - Saving checkpoint at 26 epochs
2023-02-05 10:09:33,445 - mmcls - INFO - Epoch(val) [26][18]	accuracy_top-1: 94.2308
2023-02-05 10:09:38,852 - mmcls - INFO - Saving checkpoint at 27 epochs
2023-02-05 10:09:39,814 - mmcls - INFO - Epoch(val) [27][18]	accuracy_top-1: 94.0559
2023-02-05 10:09:45,277 - mmcls - INFO - Saving checkpoint at 28 epochs
2023-02-05 10:09:46,237 - mmcls - INFO - Epoch(val) [28][18]	accuracy_top-1: 94.0559
2023-02-05 10:09:51,673 - mmcls - INFO - Saving checkpoint at 29 epochs
2023-02-05 10:09:52,637 - mmcls - INFO - Epoch(val) [29][18]	accuracy_top-1: 94.2308
2023-02-05 10:09:58,106 - mmcls - INFO - Saving checkpoint at 30 epochs
2023-02-05 10:09:59,065 - mmcls - INFO - Epoch(val) [30][18]	accuracy_top-1: 94.2308
2023-02-05 10:10:04,505 - mmcls - INFO - Saving checkpoint at 31 epochs
2023-02-05 10:10:05,466 - mmcls - INFO - Epoch(val) [31][18]	accuracy_top-1: 94.7552
2023-02-05 10:10:10,908 - mmcls - INFO - Saving checkpoint at 32 epochs
2023-02-05 10:10:11,864 - mmcls - INFO - Epoch(val) [32][18]	accuracy_top-1: 93.8811
2023-02-05 10:10:17,329 - mmcls - INFO - Saving checkpoint at 33 epochs
2023-02-05 10:10:18,286 - mmcls - INFO - Epoch(val) [33][18]	accuracy_top-1: 94.7552
2023-02-05 10:10:23,704 - mmcls - INFO - Saving checkpoint at 34 epochs
2023-02-05 10:10:24,659 - mmcls - INFO - Epoch(val) [34][18]	accuracy_top-1: 94.2308
2023-02-05 10:10:30,103 - mmcls - INFO - Saving checkpoint at 35 epochs
2023-02-05 10:10:31,050 - mmcls - INFO - Epoch(val) [35][18]	accuracy_top-1: 93.8811
2023-02-05 10:10:36,494 - mmcls - INFO - Saving checkpoint at 36 epochs
2023-02-05 10:10:37,439 - mmcls - INFO - Epoch(val) [36][18]	accuracy_top-1: 94.4056
2023-02-05 10:10:42,844 - mmcls - INFO - Saving checkpoint at 37 epochs
2023-02-05 10:10:43,799 - mmcls - INFO - Epoch(val) [37][18]	accuracy_top-1: 94.4056
2023-02-05 10:10:49,240 - mmcls - INFO - Saving checkpoint at 38 epochs
2023-02-05 10:10:50,198 - mmcls - INFO - Epoch(val) [38][18]	accuracy_top-1: 94.7552
2023-02-05 10:10:55,667 - mmcls - INFO - Saving checkpoint at 39 epochs
2023-02-05 10:10:56,627 - mmcls - INFO - Epoch(val) [39][18]	accuracy_top-1: 94.9301
2023-02-05 10:11:02,075 - mmcls - INFO - Saving checkpoint at 40 epochs
2023-02-05 10:11:03,039 - mmcls - INFO - Epoch(val) [40][18]	accuracy_top-1: 94.2308
2023-02-05 10:11:08,477 - mmcls - INFO - Saving checkpoint at 41 epochs
2023-02-05 10:11:09,432 - mmcls - INFO - Epoch(val) [41][18]	accuracy_top-1: 94.0559
2023-02-05 10:11:14,879 - mmcls - INFO - Saving checkpoint at 42 epochs
2023-02-05 10:11:15,840 - mmcls - INFO - Epoch(val) [42][18]	accuracy_top-1: 94.5804
2023-02-05 10:11:21,276 - mmcls - INFO - Saving checkpoint at 43 epochs
2023-02-05 10:11:22,242 - mmcls - INFO - Epoch(val) [43][18]	accuracy_top-1: 94.5804
2023-02-05 10:11:27,727 - mmcls - INFO - Saving checkpoint at 44 epochs
2023-02-05 10:11:28,692 - mmcls - INFO - Epoch(val) [44][18]	accuracy_top-1: 94.5804
2023-02-05 10:11:34,093 - mmcls - INFO - Saving checkpoint at 45 epochs
2023-02-05 10:11:35,056 - mmcls - INFO - Epoch(val) [45][18]	accuracy_top-1: 94.7552
2023-02-05 10:11:40,497 - mmcls - INFO - Saving checkpoint at 46 epochs
2023-02-05 10:11:41,461 - mmcls - INFO - Epoch(val) [46][18]	accuracy_top-1: 94.9301
2023-02-05 10:11:46,925 - mmcls - INFO - Saving checkpoint at 47 epochs
2023-02-05 10:11:47,888 - mmcls - INFO - Epoch(val) [47][18]	accuracy_top-1: 94.9301
2023-02-05 10:11:53,315 - mmcls - INFO - Saving checkpoint at 48 epochs
2023-02-05 10:11:54,266 - mmcls - INFO - Epoch(val) [48][18]	accuracy_top-1: 94.5804
2023-02-05 10:11:59,738 - mmcls - INFO - Saving checkpoint at 49 epochs
2023-02-05 10:12:00,698 - mmcls - INFO - Epoch(val) [49][18]	accuracy_top-1: 95.1049
2023-02-05 10:12:06,159 - mmcls - INFO - Saving checkpoint at 50 epochs
2023-02-05 10:12:07,105 - mmcls - INFO - Epoch(val) [50][18]	accuracy_top-1: 95.1049
2023-02-05 10:12:12,554 - mmcls - INFO - Saving checkpoint at 51 epochs
2023-02-05 10:12:13,513 - mmcls - INFO - Epoch(val) [51][18]	accuracy_top-1: 94.9301
2023-02-05 10:12:18,963 - mmcls - INFO - Saving checkpoint at 52 epochs
2023-02-05 10:12:19,914 - mmcls - INFO - Epoch(val) [52][18]	accuracy_top-1: 94.5804
2023-02-05 10:12:25,340 - mmcls - INFO - Saving checkpoint at 53 epochs
2023-02-05 10:12:26,304 - mmcls - INFO - Epoch(val) [53][18]	accuracy_top-1: 94.5804
2023-02-05 10:12:31,746 - mmcls - INFO - Saving checkpoint at 54 epochs
2023-02-05 10:12:32,689 - mmcls - INFO - Epoch(val) [54][18]	accuracy_top-1: 95.1049
2023-02-05 10:12:38,147 - mmcls - INFO - Saving checkpoint at 55 epochs
2023-02-05 10:12:39,113 - mmcls - INFO - Epoch(val) [55][18]	accuracy_top-1: 94.9301
2023-02-05 10:12:44,612 - mmcls - INFO - Saving checkpoint at 56 epochs
2023-02-05 10:12:45,578 - mmcls - INFO - Epoch(val) [56][18]	accuracy_top-1: 95.1049
2023-02-05 10:12:51,059 - mmcls - INFO - Saving checkpoint at 57 epochs
2023-02-05 10:12:52,016 - mmcls - INFO - Epoch(val) [57][18]	accuracy_top-1: 95.1049
2023-02-05 10:12:57,425 - mmcls - INFO - Saving checkpoint at 58 epochs
2023-02-05 10:12:58,389 - mmcls - INFO - Epoch(val) [58][18]	accuracy_top-1: 94.4056
2023-02-05 10:13:03,804 - mmcls - INFO - Saving checkpoint at 59 epochs
2023-02-05 10:13:04,760 - mmcls - INFO - Epoch(val) [59][18]	accuracy_top-1: 95.1049
2023-02-05 10:13:10,257 - mmcls - INFO - Saving checkpoint at 60 epochs
2023-02-05 10:13:11,219 - mmcls - INFO - Epoch(val) [60][18]	accuracy_top-1: 95.1049
2023-02-05 10:13:16,666 - mmcls - INFO - Saving checkpoint at 61 epochs
2023-02-05 10:13:17,638 - mmcls - INFO - Epoch(val) [61][18]	accuracy_top-1: 94.9301
2023-02-05 10:13:23,062 - mmcls - INFO - Saving checkpoint at 62 epochs
2023-02-05 10:13:24,016 - mmcls - INFO - Epoch(val) [62][18]	accuracy_top-1: 94.9301
2023-02-05 10:13:29,430 - mmcls - INFO - Saving checkpoint at 63 epochs
2023-02-05 10:13:30,392 - mmcls - INFO - Epoch(val) [63][18]	accuracy_top-1: 94.9301
2023-02-05 10:13:35,842 - mmcls - INFO - Saving checkpoint at 64 epochs
2023-02-05 10:13:36,794 - mmcls - INFO - Epoch(val) [64][18]	accuracy_top-1: 95.2797
2023-02-05 10:13:42,233 - mmcls - INFO - Saving checkpoint at 65 epochs
2023-02-05 10:13:43,195 - mmcls - INFO - Epoch(val) [65][18]	accuracy_top-1: 95.2797
2023-02-05 10:13:48,580 - mmcls - INFO - Saving checkpoint at 66 epochs
2023-02-05 10:13:49,536 - mmcls - INFO - Epoch(val) [66][18]	accuracy_top-1: 94.9301
2023-02-05 10:13:54,968 - mmcls - INFO - Saving checkpoint at 67 epochs
2023-02-05 10:13:55,928 - mmcls - INFO - Epoch(val) [67][18]	accuracy_top-1: 94.5804
2023-02-05 10:14:01,396 - mmcls - INFO - Saving checkpoint at 68 epochs
2023-02-05 10:14:02,359 - mmcls - INFO - Epoch(val) [68][18]	accuracy_top-1: 95.1049
2023-02-05 10:14:07,794 - mmcls - INFO - Saving checkpoint at 69 epochs
2023-02-05 10:14:08,749 - mmcls - INFO - Epoch(val) [69][18]	accuracy_top-1: 94.5804
2023-02-05 10:14:14,177 - mmcls - INFO - Saving checkpoint at 70 epochs
2023-02-05 10:14:15,126 - mmcls - INFO - Epoch(val) [70][18]	accuracy_top-1: 95.1049
2023-02-05 10:14:20,557 - mmcls - INFO - Saving checkpoint at 71 epochs
2023-02-05 10:14:21,511 - mmcls - INFO - Epoch(val) [71][18]	accuracy_top-1: 94.7552
2023-02-05 10:14:26,956 - mmcls - INFO - Saving checkpoint at 72 epochs
2023-02-05 10:14:27,911 - mmcls - INFO - Epoch(val) [72][18]	accuracy_top-1: 95.4545
2023-02-05 10:14:33,329 - mmcls - INFO - Saving checkpoint at 73 epochs
2023-02-05 10:14:34,272 - mmcls - INFO - Epoch(val) [73][18]	accuracy_top-1: 94.9301
2023-02-05 10:14:39,721 - mmcls - INFO - Saving checkpoint at 74 epochs
2023-02-05 10:14:40,677 - mmcls - INFO - Epoch(val) [74][18]	accuracy_top-1: 94.7552
2023-02-05 10:14:46,167 - mmcls - INFO - Saving checkpoint at 75 epochs
2023-02-05 10:14:47,140 - mmcls - INFO - Epoch(val) [75][18]	accuracy_top-1: 95.1049
2023-02-05 10:14:52,710 - mmcls - INFO - Saving checkpoint at 76 epochs
2023-02-05 10:14:53,673 - mmcls - INFO - Epoch(val) [76][18]	accuracy_top-1: 95.6294
2023-02-05 10:14:59,182 - mmcls - INFO - Saving checkpoint at 77 epochs
2023-02-05 10:15:00,169 - mmcls - INFO - Epoch(val) [77][18]	accuracy_top-1: 95.1049
2023-02-05 10:15:05,695 - mmcls - INFO - Saving checkpoint at 78 epochs
2023-02-05 10:15:06,655 - mmcls - INFO - Epoch(val) [78][18]	accuracy_top-1: 94.9301
2023-02-05 10:15:12,135 - mmcls - INFO - Saving checkpoint at 79 epochs
2023-02-05 10:15:13,097 - mmcls - INFO - Epoch(val) [79][18]	accuracy_top-1: 95.1049
2023-02-05 10:15:18,571 - mmcls - INFO - Saving checkpoint at 80 epochs
2023-02-05 10:15:19,525 - mmcls - INFO - Epoch(val) [80][18]	accuracy_top-1: 95.6294
2023-02-05 10:15:24,989 - mmcls - INFO - Saving checkpoint at 81 epochs
2023-02-05 10:15:25,963 - mmcls - INFO - Epoch(val) [81][18]	accuracy_top-1: 95.6294
2023-02-05 10:15:31,436 - mmcls - INFO - Saving checkpoint at 82 epochs
2023-02-05 10:15:32,403 - mmcls - INFO - Epoch(val) [82][18]	accuracy_top-1: 94.9301
2023-02-05 10:15:37,892 - mmcls - INFO - Saving checkpoint at 83 epochs
2023-02-05 10:15:38,864 - mmcls - INFO - Epoch(val) [83][18]	accuracy_top-1: 95.4545
2023-02-05 10:15:44,317 - mmcls - INFO - Saving checkpoint at 84 epochs
2023-02-05 10:15:45,281 - mmcls - INFO - Epoch(val) [84][18]	accuracy_top-1: 94.7552
2023-02-05 10:15:50,731 - mmcls - INFO - Saving checkpoint at 85 epochs
2023-02-05 10:15:51,701 - mmcls - INFO - Epoch(val) [85][18]	accuracy_top-1: 95.1049
2023-02-05 10:15:57,168 - mmcls - INFO - Saving checkpoint at 86 epochs
2023-02-05 10:15:58,141 - mmcls - INFO - Epoch(val) [86][18]	accuracy_top-1: 95.4545
2023-02-05 10:16:03,615 - mmcls - INFO - Saving checkpoint at 87 epochs
2023-02-05 10:16:04,576 - mmcls - INFO - Epoch(val) [87][18]	accuracy_top-1: 94.2308
2023-02-05 10:16:09,974 - mmcls - INFO - Saving checkpoint at 88 epochs
2023-02-05 10:16:10,935 - mmcls - INFO - Epoch(val) [88][18]	accuracy_top-1: 95.1049
2023-02-05 10:16:16,396 - mmcls - INFO - Saving checkpoint at 89 epochs
2023-02-05 10:16:17,362 - mmcls - INFO - Epoch(val) [89][18]	accuracy_top-1: 95.4545
2023-02-05 10:16:22,792 - mmcls - INFO - Saving checkpoint at 90 epochs
2023-02-05 10:16:23,757 - mmcls - INFO - Epoch(val) [90][18]	accuracy_top-1: 95.1049
2023-02-05 10:16:29,196 - mmcls - INFO - Saving checkpoint at 91 epochs
2023-02-05 10:16:30,154 - mmcls - INFO - Epoch(val) [91][18]	accuracy_top-1: 95.6294
2023-02-05 10:16:35,606 - mmcls - INFO - Saving checkpoint at 92 epochs
2023-02-05 10:16:36,570 - mmcls - INFO - Epoch(val) [92][18]	accuracy_top-1: 95.6294
2023-02-05 10:16:42,081 - mmcls - INFO - Saving checkpoint at 93 epochs
2023-02-05 10:16:43,038 - mmcls - INFO - Epoch(val) [93][18]	accuracy_top-1: 95.6294
2023-02-05 10:16:48,562 - mmcls - INFO - Saving checkpoint at 94 epochs
2023-02-05 10:16:49,524 - mmcls - INFO - Epoch(val) [94][18]	accuracy_top-1: 95.2797
2023-02-05 10:16:54,970 - mmcls - INFO - Saving checkpoint at 95 epochs
2023-02-05 10:16:55,965 - mmcls - INFO - Epoch(val) [95][18]	accuracy_top-1: 94.9301
2023-02-05 10:17:01,386 - mmcls - INFO - Saving checkpoint at 96 epochs
2023-02-05 10:17:02,347 - mmcls - INFO - Epoch(val) [96][18]	accuracy_top-1: 95.1049
2023-02-05 10:17:07,801 - mmcls - INFO - Saving checkpoint at 97 epochs
2023-02-05 10:17:08,754 - mmcls - INFO - Epoch(val) [97][18]	accuracy_top-1: 95.8042
2023-02-05 10:17:14,226 - mmcls - INFO - Saving checkpoint at 98 epochs
2023-02-05 10:17:15,188 - mmcls - INFO - Epoch(val) [98][18]	accuracy_top-1: 95.2797
2023-02-05 10:17:20,623 - mmcls - INFO - Saving checkpoint at 99 epochs
2023-02-05 10:17:21,587 - mmcls - INFO - Epoch(val) [99][18]	accuracy_top-1: 95.2797
2023-02-05 10:17:26,987 - mmcls - INFO - Saving checkpoint at 100 epochs
2023-02-05 10:17:27,936 - mmcls - INFO - Epoch(val) [100][18]	accuracy_top-1: 94.9301
